Tue Jan 09 16:06:48 MSK 2018 : Apache Derby Network Server - 10.11.1.2 - (1629631) started and ready to accept connections on port 1527
----------------------------------------------------------------
Tue Jan 09 16:06:56 MSK 2018:
Booting Derby version The Apache Software Foundation - Apache Derby - 10.11.1.2 - (1629631): instance a816c00e-0160-db07-c79e-00007b8c4c46 
on database directory memory:C:\Users\Mikita_Saladkevich\eclipse-workspace\cmd-db\test with class loader sun.misc.Launcher$AppClassLoader@55f96302 
Loaded from file:/C:/Program%20Files/Java/jdk1.8.0_151/db/lib/derby.jar
java.vendor=Oracle Corporation
java.runtime.version=1.8.0_151-b12
user.dir=C:\Users\Mikita_Saladkevich\eclipse-workspace\cmd-db
os.name=Windows 10
os.arch=amd64
os.version=10.0
derby.system.home=C:\Users\Mikita_Saladkevich\eclipse-workspace\cmd-db
Database Class Loader started - derby.database.classpath=''
----------------------------------------------------------------
Tue Jan 09 16:07:14 MSK 2018: Shutting down Derby engine
----------------------------------------------------------------
Tue Jan 09 16:07:14 MSK 2018:
Shutting down instance a816c00e-0160-db07-c79e-00007b8c4c46 on database directory memory:C:\Users\Mikita_Saladkevich\eclipse-workspace\cmd-db\test with class loader sun.misc.Launcher$AppClassLoader@55f96302 
----------------------------------------------------------------
